[19-Oct-2023 01:43:02 UTC] PHP Warning:  Cannot modify header information - headers already sent by (output started at /var/www/html/wp-content/themes/myTheme/functions.php:296) in /var/www/html/wp-admin/includes/misc.php on line 1431
[19-Oct-2023 01:43:02 UTC] PHP Warning:  Cannot modify header information - headers already sent by (output started at /var/www/html/wp-content/themes/myTheme/functions.php:296) in /var/www/html/wp-includes/functions.php on line 6935
[19-Oct-2023 01:43:02 UTC] PHP Warning:  Cannot modify header information - headers already sent by (output started at /var/www/html/wp-content/themes/myTheme/functions.php:296) in /var/www/html/wp-admin/admin-header.php on line 9
[19-Oct-2023 01:43:02 UTC] PHP Warning:  Cannot modify header information - headers already sent by (output started at /var/www/html/wp-content/themes/myTheme/functions.php:296) in /var/www/html/wp-includes/pluggable.php on line 1435
[19-Oct-2023 01:43:02 UTC] PHP Warning:  Cannot modify header information - headers already sent by (output started at /var/www/html/wp-content/themes/myTheme/functions.php:296) in /var/www/html/wp-includes/pluggable.php on line 1438
[19-Oct-2023 01:43:09 UTC] PHP Warning:  Cannot modify header information - headers already sent by (output started at /var/www/html/wp-content/themes/myTheme/functions.php:296) in /var/www/html/wp-includes/pluggable.php on line 1435
[19-Oct-2023 01:43:09 UTC] PHP Warning:  Cannot modify header information - headers already sent by (output started at /var/www/html/wp-content/themes/myTheme/functions.php:296) in /var/www/html/wp-includes/pluggable.php on line 1438
[19-Oct-2023 01:43:11 UTC] PHP Fatal error:  Uncaught Error: Call to undefined function get_field() in /var/www/html/wp-content/themes/myTheme/functions.php:203
Stack trace:
#0 /var/www/html/wp-content/themes/myTheme/single.php(6): pageBanner(Array)
#1 /var/www/html/wp-includes/template-loader.php(106): include('/var/www/html/w...')
#2 /var/www/html/wp-blog-header.php(19): require_once('/var/www/html/w...')
#3 /var/www/html/index.php(17): require('/var/www/html/w...')
#4 {main}
  thrown in /var/www/html/wp-content/themes/myTheme/functions.php on line 203
[19-Oct-2023 01:43:11 UTC] PHP Warning:  Cannot modify header information - headers already sent by (output started at /var/www/html/wp-content/themes/myTheme/functions.php:296) in /var/www/html/wp-includes/pluggable.php on line 1435
[19-Oct-2023 01:43:11 UTC] PHP Warning:  Cannot modify header information - headers already sent by (output started at /var/www/html/wp-content/themes/myTheme/functions.php:296) in /var/www/html/wp-includes/pluggable.php on line 1438
[19-Oct-2023 01:43:14 UTC] PHP Warning:  Cannot modify header information - headers already sent by (output started at /var/www/html/wp-content/themes/myTheme/functions.php:296) in /var/www/html/wp-includes/pluggable.php on line 1435
[19-Oct-2023 01:43:14 UTC] PHP Warning:  Cannot modify header information - headers already sent by (output started at /var/www/html/wp-content/themes/myTheme/functions.php:296) in /var/www/html/wp-includes/pluggable.php on line 1438
[19-Oct-2023 01:43:14 UTC] PHP Warning:  Cannot modify header information - headers already sent by (output started at /var/www/html/wp-content/themes/myTheme/functions.php:296) in /var/www/html/wp-includes/pluggable.php on line 1435
[19-Oct-2023 01:43:14 UTC] PHP Warning:  Cannot modify header information - headers already sent by (output started at /var/www/html/wp-content/themes/myTheme/functions.php:296) in /var/www/html/wp-includes/pluggable.php on line 1438
[19-Oct-2023 01:43:18 UTC] PHP Warning:  Cannot modify header information - headers already sent by (output started at /var/www/html/wp-content/themes/myTheme/functions.php:296) in /var/www/html/wp-admin/includes/misc.php on line 1431
[19-Oct-2023 01:43:18 UTC] PHP Warning:  Cannot modify header information - headers already sent by (output started at /var/www/html/wp-content/themes/myTheme/functions.php:296) in /var/www/html/wp-includes/functions.php on line 6935
[19-Oct-2023 01:43:19 UTC] PHP Warning:  Cannot modify header information - headers already sent by (output started at /var/www/html/wp-content/themes/myTheme/functions.php:296) in /var/www/html/wp-admin/admin-header.php on line 9
[19-Oct-2023 01:43:19 UTC] PHP Warning:  Cannot modify header information - headers already sent by (output started at /var/www/html/wp-content/themes/myTheme/functions.php:296) in /var/www/html/wp-includes/pluggable.php on line 1435
[19-Oct-2023 01:43:19 UTC] PHP Warning:  Cannot modify header information - headers already sent by (output started at /var/www/html/wp-content/themes/myTheme/functions.php:296) in /var/www/html/wp-includes/pluggable.php on line 1438
[19-Oct-2023 01:43:23 UTC] PHP Warning:  Cannot modify header information - headers already sent by (output started at /var/www/html/wp-content/themes/myTheme/functions.php:296) in /var/www/html/wp-includes/pluggable.php on line 1435
[19-Oct-2023 01:43:23 UTC] PHP Warning:  Cannot modify header information - headers already sent by (output started at /var/www/html/wp-content/themes/myTheme/functions.php:296) in /var/www/html/wp-includes/pluggable.php on line 1438
[19-Oct-2023 01:43:25 UTC] PHP Warning:  Cannot modify header information - headers already sent by (output started at /var/www/html/wp-content/themes/myTheme/functions.php:296) in /var/www/html/wp-admin/includes/misc.php on line 1431
[19-Oct-2023 01:43:25 UTC] PHP Warning:  Cannot modify header information - headers already sent by (output started at /var/www/html/wp-content/themes/myTheme/functions.php:296) in /var/www/html/wp-includes/functions.php on line 6935
[19-Oct-2023 01:43:25 UTC] PHP Warning:  Cannot modify header information - headers already sent by (output started at /var/www/html/wp-content/themes/myTheme/functions.php:296) in /var/www/html/wp-admin/admin-header.php on line 9
[19-Oct-2023 01:43:26 UTC] PHP Warning:  Cannot modify header information - headers already sent by (output started at /var/www/html/wp-content/themes/myTheme/functions.php:296) in /var/www/html/wp-includes/pluggable.php on line 1435
[19-Oct-2023 01:43:26 UTC] PHP Warning:  Cannot modify header information - headers already sent by (output started at /var/www/html/wp-content/themes/myTheme/functions.php:296) in /var/www/html/wp-includes/pluggable.php on line 1438
[19-Oct-2023 01:43:29 UTC] PHP Warning:  Cannot modify header information - headers already sent by (output started at /var/www/html/wp-content/themes/myTheme/functions.php:296) in /var/www/html/wp-includes/http.php on line 505
[19-Oct-2023 01:43:29 UTC] PHP Warning:  Cannot modify header information - headers already sent by (output started at /var/www/html/wp-content/themes/myTheme/functions.php:296) in /var/www/html/wp-includes/http.php on line 506
[19-Oct-2023 01:43:29 UTC] PHP Warning:  Cannot modify header information - headers already sent by (output started at /var/www/html/wp-content/themes/myTheme/functions.php:296) in /var/www/html/wp-admin/admin-ajax.php on line 27
[19-Oct-2023 01:43:29 UTC] PHP Warning:  Cannot modify header information - headers already sent by (output started at /var/www/html/wp-content/themes/myTheme/functions.php:296) in /var/www/html/wp-admin/admin-ajax.php on line 28
[19-Oct-2023 01:43:29 UTC] PHP Warning:  Cannot modify header information - headers already sent by (output started at /var/www/html/wp-content/themes/myTheme/functions.php:296) in /var/www/html/wp-includes/pluggable.php on line 1435
[19-Oct-2023 01:43:29 UTC] PHP Warning:  Cannot modify header information - headers already sent by (output started at /var/www/html/wp-content/themes/myTheme/functions.php:296) in /var/www/html/wp-includes/pluggable.php on line 1438
[19-Oct-2023 01:43:29 UTC] PHP Warning:  Cannot modify header information - headers already sent by (output started at /var/www/html/wp-content/themes/myTheme/functions.php:296) in /var/www/html/wp-includes/functions.php on line 6822
[19-Oct-2023 01:43:29 UTC] PHP Warning:  Cannot modify header information - headers already sent by (output started at /var/www/html/wp-content/themes/myTheme/functions.php:296) in /var/www/html/wp-admin/includes/misc.php on line 1431
[19-Oct-2023 01:43:29 UTC] PHP Warning:  Cannot modify header information - headers already sent by (output started at /var/www/html/wp-content/themes/myTheme/functions.php:296) in /var/www/html/wp-includes/functions.php on line 6935
[19-Oct-2023 01:44:40 UTC] PHP Warning:  Cannot modify header information - headers already sent by (output started at /var/www/html/wp-content/themes/myTheme/functions.php:296) in /var/www/html/wp-admin/includes/misc.php on line 1431
[19-Oct-2023 01:44:40 UTC] PHP Warning:  Cannot modify header information - headers already sent by (output started at /var/www/html/wp-content/themes/myTheme/functions.php:296) in /var/www/html/wp-includes/functions.php on line 6935
[19-Oct-2023 01:44:42 UTC] PHP Warning:  Cannot modify header information - headers already sent by (output started at /var/www/html/wp-content/themes/myTheme/functions.php:296) in /var/www/html/wp-admin/admin-header.php on line 9
[19-Oct-2023 01:44:42 UTC] PHP Warning:  Cannot modify header information - headers already sent by (output started at /var/www/html/wp-content/themes/myTheme/functions.php:296) in /var/www/html/wp-includes/pluggable.php on line 1435
[19-Oct-2023 01:44:42 UTC] PHP Warning:  Cannot modify header information - headers already sent by (output started at /var/www/html/wp-content/themes/myTheme/functions.php:296) in /var/www/html/wp-includes/pluggable.php on line 1438
[19-Oct-2023 01:44:43 UTC] PHP Warning:  Cannot modify header information - headers already sent by (output started at /var/www/html/wp-content/themes/myTheme/functions.php:296) in /var/www/html/wp-includes/http.php on line 505
[19-Oct-2023 01:44:43 UTC] PHP Warning:  Cannot modify header information - headers already sent by (output started at /var/www/html/wp-content/themes/myTheme/functions.php:296) in /var/www/html/wp-includes/http.php on line 506
[19-Oct-2023 01:44:43 UTC] PHP Warning:  Cannot modify header information - headers already sent by (output started at /var/www/html/wp-content/themes/myTheme/functions.php:296) in /var/www/html/wp-admin/admin-ajax.php on line 27
[19-Oct-2023 01:44:43 UTC] PHP Warning:  Cannot modify header information - headers already sent by (output started at /var/www/html/wp-content/themes/myTheme/functions.php:296) in /var/www/html/wp-admin/admin-ajax.php on line 28
[19-Oct-2023 01:44:43 UTC] PHP Warning:  Cannot modify header information - headers already sent by (output started at /var/www/html/wp-content/themes/myTheme/functions.php:296) in /var/www/html/wp-includes/functions.php on line 6822
[19-Oct-2023 01:44:43 UTC] PHP Warning:  Cannot modify header information - headers already sent by (output started at /var/www/html/wp-content/themes/myTheme/functions.php:296) in /var/www/html/wp-admin/includes/misc.php on line 1431
[19-Oct-2023 01:44:43 UTC] PHP Warning:  Cannot modify header information - headers already sent by (output started at /var/www/html/wp-content/themes/myTheme/functions.php:296) in /var/www/html/wp-includes/functions.php on line 6935
[19-Oct-2023 01:44:57 UTC] PHP Warning:  Cannot modify header information - headers already sent by (output started at /var/www/html/wp-content/themes/myTheme/functions.php:296) in /var/www/html/wp-admin/includes/misc.php on line 1431
[19-Oct-2023 01:44:57 UTC] PHP Warning:  Cannot modify header information - headers already sent by (output started at /var/www/html/wp-content/themes/myTheme/functions.php:296) in /var/www/html/wp-includes/functions.php on line 6935
[19-Oct-2023 01:44:58 UTC] PHP Warning:  Cannot modify header information - headers already sent by (output started at /var/www/html/wp-content/themes/myTheme/functions.php:296) in /var/www/html/wp-admin/includes/misc.php on line 1431
[19-Oct-2023 01:44:58 UTC] PHP Warning:  Cannot modify header information - headers already sent by (output started at /var/www/html/wp-content/themes/myTheme/functions.php:296) in /var/www/html/wp-includes/functions.php on line 6935
[19-Oct-2023 01:44:58 UTC] PHP Warning:  Cannot modify header information - headers already sent by (output started at /var/www/html/wp-content/themes/myTheme/functions.php:296) in /var/www/html/wp-admin/admin-header.php on line 9
[19-Oct-2023 01:44:58 UTC] PHP Warning:  Cannot modify header information - headers already sent by (output started at /var/www/html/wp-content/themes/myTheme/functions.php:296) in /var/www/html/wp-admin/admin-header.php on line 9
[19-Oct-2023 01:45:02 UTC] PHP Warning:  Cannot modify header information - headers already sent by (output started at /var/www/html/wp-content/themes/myTheme/functions.php:296) in /var/www/html/wp-admin/includes/misc.php on line 1431
[19-Oct-2023 01:45:02 UTC] PHP Warning:  Cannot modify header information - headers already sent by (output started at /var/www/html/wp-content/themes/myTheme/functions.php:296) in /var/www/html/wp-includes/functions.php on line 6935
[19-Oct-2023 01:45:03 UTC] PHP Warning:  Cannot modify header information - headers already sent by (output started at /var/www/html/wp-content/themes/myTheme/functions.php:296) in /var/www/html/wp-admin/admin-header.php on line 9
[19-Oct-2023 01:45:04 UTC] PHP Warning:  Cannot modify header information - headers already sent by (output started at /var/www/html/wp-content/themes/myTheme/functions.php:296) in /var/www/html/wp-includes/pluggable.php on line 1435
[19-Oct-2023 01:45:04 UTC] PHP Warning:  Cannot modify header information - headers already sent by (output started at /var/www/html/wp-content/themes/myTheme/functions.php:296) in /var/www/html/wp-includes/pluggable.php on line 1438
[19-Oct-2023 01:45:20 UTC] PHP Warning:  Cannot modify header information - headers already sent by (output started at /var/www/html/wp-content/themes/myTheme/functions.php:296) in /var/www/html/wp-includes/http.php on line 505
[19-Oct-2023 01:45:20 UTC] PHP Warning:  Cannot modify header information - headers already sent by (output started at /var/www/html/wp-content/themes/myTheme/functions.php:296) in /var/www/html/wp-includes/http.php on line 506
[19-Oct-2023 01:45:20 UTC] PHP Warning:  Cannot modify header information - headers already sent by (output started at /var/www/html/wp-content/themes/myTheme/functions.php:296) in /var/www/html/wp-admin/admin-ajax.php on line 27
[19-Oct-2023 01:45:20 UTC] PHP Warning:  Cannot modify header information - headers already sent by (output started at /var/www/html/wp-content/themes/myTheme/functions.php:296) in /var/www/html/wp-admin/admin-ajax.php on line 28
[19-Oct-2023 01:45:20 UTC] PHP Warning:  Cannot modify header information - headers already sent by (output started at /var/www/html/wp-content/themes/myTheme/functions.php:296) in /var/www/html/wp-includes/pluggable.php on line 1435
[19-Oct-2023 01:45:20 UTC] PHP Warning:  Cannot modify header information - headers already sent by (output started at /var/www/html/wp-content/themes/myTheme/functions.php:296) in /var/www/html/wp-includes/pluggable.php on line 1438
[19-Oct-2023 01:45:20 UTC] PHP Warning:  Cannot modify header information - headers already sent by (output started at /var/www/html/wp-content/themes/myTheme/functions.php:296) in /var/www/html/wp-includes/functions.php on line 6822
[19-Oct-2023 01:45:20 UTC] PHP Warning:  Cannot modify header information - headers already sent by (output started at /var/www/html/wp-content/themes/myTheme/functions.php:296) in /var/www/html/wp-admin/includes/misc.php on line 1431
[19-Oct-2023 01:45:20 UTC] PHP Warning:  Cannot modify header information - headers already sent by (output started at /var/www/html/wp-content/themes/myTheme/functions.php:296) in /var/www/html/wp-includes/functions.php on line 6935
[19-Oct-2023 01:46:03 UTC] PHP Warning:  Cannot modify header information - headers already sent by (output started at /var/www/html/wp-content/themes/myTheme/functions.php:296) in /var/www/html/wp-admin/includes/misc.php on line 1431
[19-Oct-2023 01:46:03 UTC] PHP Warning:  Cannot modify header information - headers already sent by (output started at /var/www/html/wp-content/themes/myTheme/functions.php:296) in /var/www/html/wp-includes/functions.php on line 6935
[19-Oct-2023 01:46:04 UTC] PHP Warning:  Cannot modify header information - headers already sent by (output started at /var/www/html/wp-content/themes/myTheme/functions.php:296) in /var/www/html/wp-includes/http.php on line 505
[19-Oct-2023 01:46:04 UTC] PHP Warning:  Cannot modify header information - headers already sent by (output started at /var/www/html/wp-content/themes/myTheme/functions.php:296) in /var/www/html/wp-includes/http.php on line 506
[19-Oct-2023 01:46:04 UTC] PHP Warning:  Cannot modify header information - headers already sent by (output started at /var/www/html/wp-content/themes/myTheme/functions.php:296) in /var/www/html/wp-admin/admin-ajax.php on line 27
[19-Oct-2023 01:46:04 UTC] PHP Warning:  Cannot modify header information - headers already sent by (output started at /var/www/html/wp-content/themes/myTheme/functions.php:296) in /var/www/html/wp-admin/admin-ajax.php on line 28
[19-Oct-2023 01:46:04 UTC] PHP Warning:  Cannot modify header information - headers already sent by (output started at /var/www/html/wp-content/themes/myTheme/functions.php:296) in /var/www/html/wp-includes/functions.php on line 6822
[19-Oct-2023 01:46:04 UTC] PHP Warning:  Cannot modify header information - headers already sent by (output started at /var/www/html/wp-content/themes/myTheme/functions.php:296) in /var/www/html/wp-admin/includes/misc.php on line 1431
[19-Oct-2023 01:46:04 UTC] PHP Warning:  Cannot modify header information - headers already sent by (output started at /var/www/html/wp-content/themes/myTheme/functions.php:296) in /var/www/html/wp-includes/functions.php on line 6935
[19-Oct-2023 01:46:05 UTC] PHP Warning:  Cannot modify header information - headers already sent by (output started at /var/www/html/wp-content/themes/myTheme/functions.php:296) in /var/www/html/wp-admin/admin-header.php on line 9
[19-Oct-2023 01:46:05 UTC] PHP Warning:  Cannot modify header information - headers already sent by (output started at /var/www/html/wp-content/themes/myTheme/functions.php:296) in /var/www/html/wp-includes/pluggable.php on line 1435
[19-Oct-2023 01:46:05 UTC] PHP Warning:  Cannot modify header information - headers already sent by (output started at /var/www/html/wp-content/themes/myTheme/functions.php:296) in /var/www/html/wp-includes/pluggable.php on line 1438
[19-Oct-2023 01:46:07 UTC] PHP Warning:  Cannot modify header information - headers already sent by (output started at /var/www/html/wp-content/themes/myTheme/functions.php:296) in /var/www/html/wp-admin/includes/misc.php on line 1431
[19-Oct-2023 01:46:07 UTC] PHP Warning:  Cannot modify header information - headers already sent by (output started at /var/www/html/wp-content/themes/myTheme/functions.php:296) in /var/www/html/wp-includes/functions.php on line 6935
[19-Oct-2023 01:46:08 UTC] PHP Warning:  Cannot modify header information - headers already sent by (output started at /var/www/html/wp-content/themes/myTheme/functions.php:296) in /var/www/html/wp-includes/pluggable.php on line 1435
[19-Oct-2023 01:46:08 UTC] PHP Warning:  Cannot modify header information - headers already sent by (output started at /var/www/html/wp-content/themes/myTheme/functions.php:296) in /var/www/html/wp-includes/pluggable.php on line 1438
[19-Oct-2023 01:46:08 UTC] PHP Warning:  Cannot modify header information - headers already sent by (output started at /var/www/html/wp-content/themes/myTheme/functions.php:296) in /var/www/html/wp-includes/pluggable.php on line 1435
[19-Oct-2023 01:46:08 UTC] PHP Warning:  Cannot modify header information - headers already sent by (output started at /var/www/html/wp-content/themes/myTheme/functions.php:296) in /var/www/html/wp-includes/pluggable.php on line 1438
[19-Oct-2023 01:46:08 UTC] PHP Warning:  Cannot modify header information - headers already sent by (output started at /var/www/html/wp-content/themes/myTheme/functions.php:296) in /var/www/html/wp-includes/pluggable.php on line 1435
[19-Oct-2023 01:46:08 UTC] PHP Warning:  Cannot modify header information - headers already sent by (output started at /var/www/html/wp-content/themes/myTheme/functions.php:296) in /var/www/html/wp-includes/pluggable.php on line 1438
[19-Oct-2023 01:46:20 UTC] PHP Warning:  Cannot modify header information - headers already sent by (output started at /var/www/html/wp-content/themes/myTheme/functions.php:296) in /var/www/html/wp-includes/http.php on line 505
[19-Oct-2023 01:46:20 UTC] PHP Warning:  Cannot modify header information - headers already sent by (output started at /var/www/html/wp-content/themes/myTheme/functions.php:296) in /var/www/html/wp-includes/http.php on line 506
[19-Oct-2023 01:46:20 UTC] PHP Warning:  Cannot modify header information - headers already sent by (output started at /var/www/html/wp-content/themes/myTheme/functions.php:296) in /var/www/html/wp-admin/admin-ajax.php on line 27
[19-Oct-2023 01:46:20 UTC] PHP Warning:  Cannot modify header information - headers already sent by (output started at /var/www/html/wp-content/themes/myTheme/functions.php:296) in /var/www/html/wp-admin/admin-ajax.php on line 28
[19-Oct-2023 01:46:20 UTC] PHP Warning:  Cannot modify header information - headers already sent by (output started at /var/www/html/wp-content/themes/myTheme/functions.php:296) in /var/www/html/wp-includes/functions.php on line 6822
[19-Oct-2023 01:46:20 UTC] PHP Warning:  Cannot modify header information - headers already sent by (output started at /var/www/html/wp-content/themes/myTheme/functions.php:296) in /var/www/html/wp-admin/includes/misc.php on line 1431
[19-Oct-2023 01:46:20 UTC] PHP Warning:  Cannot modify header information - headers already sent by (output started at /var/www/html/wp-content/themes/myTheme/functions.php:296) in /var/www/html/wp-includes/functions.php on line 6935
[19-Oct-2023 01:48:21 UTC] PHP Warning:  Cannot modify header information - headers already sent by (output started at /var/www/html/wp-content/themes/myTheme/functions.php:296) in /var/www/html/wp-includes/http.php on line 505
[19-Oct-2023 01:48:21 UTC] PHP Warning:  Cannot modify header information - headers already sent by (output started at /var/www/html/wp-content/themes/myTheme/functions.php:296) in /var/www/html/wp-includes/http.php on line 506
[19-Oct-2023 01:48:21 UTC] PHP Warning:  Cannot modify header information - headers already sent by (output started at /var/www/html/wp-content/themes/myTheme/functions.php:296) in /var/www/html/wp-admin/admin-ajax.php on line 27
[19-Oct-2023 01:48:21 UTC] PHP Warning:  Cannot modify header information - headers already sent by (output started at /var/www/html/wp-content/themes/myTheme/functions.php:296) in /var/www/html/wp-admin/admin-ajax.php on line 28
[19-Oct-2023 01:48:21 UTC] PHP Warning:  Cannot modify header information - headers already sent by (output started at /var/www/html/wp-content/themes/myTheme/functions.php:296) in /var/www/html/wp-includes/functions.php on line 6822
[19-Oct-2023 01:48:21 UTC] PHP Warning:  Cannot modify header information - headers already sent by (output started at /var/www/html/wp-content/themes/myTheme/functions.php:296) in /var/www/html/wp-admin/includes/misc.php on line 1431
[19-Oct-2023 01:48:21 UTC] PHP Warning:  Cannot modify header information - headers already sent by (output started at /var/www/html/wp-content/themes/myTheme/functions.php:296) in /var/www/html/wp-includes/functions.php on line 6935
[19-Oct-2023 01:49:43 UTC] PHP Warning:  Cannot modify header information - headers already sent by (output started at /var/www/html/wp-content/themes/myTheme/functions.php:296) in /var/www/html/wp-includes/http.php on line 505
[19-Oct-2023 01:49:43 UTC] PHP Warning:  Cannot modify header information - headers already sent by (output started at /var/www/html/wp-content/themes/myTheme/functions.php:296) in /var/www/html/wp-includes/http.php on line 506
[19-Oct-2023 01:49:43 UTC] PHP Warning:  Cannot modify header information - headers already sent by (output started at /var/www/html/wp-content/themes/myTheme/functions.php:296) in /var/www/html/wp-admin/admin-ajax.php on line 27
[19-Oct-2023 01:49:43 UTC] PHP Warning:  Cannot modify header information - headers already sent by (output started at /var/www/html/wp-content/themes/myTheme/functions.php:296) in /var/www/html/wp-admin/admin-ajax.php on line 28
[19-Oct-2023 01:49:43 UTC] PHP Warning:  Cannot modify header information - headers already sent by (output started at /var/www/html/wp-content/themes/myTheme/functions.php:296) in /var/www/html/wp-includes/functions.php on line 6822
[19-Oct-2023 01:49:43 UTC] PHP Warning:  Cannot modify header information - headers already sent by (output started at /var/www/html/wp-content/themes/myTheme/functions.php:296) in /var/www/html/wp-admin/includes/misc.php on line 1431
[19-Oct-2023 01:49:43 UTC] PHP Warning:  Cannot modify header information - headers already sent by (output started at /var/www/html/wp-content/themes/myTheme/functions.php:296) in /var/www/html/wp-includes/functions.php on line 6935
[19-Oct-2023 01:49:46 UTC] PHP Warning:  Cannot modify header information - headers already sent by (output started at /var/www/html/wp-content/themes/myTheme/functions.php:296) in /var/www/html/wp-admin/includes/misc.php on line 1431
[19-Oct-2023 01:49:46 UTC] PHP Warning:  Cannot modify header information - headers already sent by (output started at /var/www/html/wp-content/themes/myTheme/functions.php:296) in /var/www/html/wp-includes/functions.php on line 6935
[19-Oct-2023 01:49:46 UTC] PHP Warning:  Cannot modify header information - headers already sent by (output started at /var/www/html/wp-content/themes/myTheme/functions.php:296) in /var/www/html/wp-includes/pluggable.php on line 1435
[19-Oct-2023 01:49:46 UTC] PHP Warning:  Cannot modify header information - headers already sent by (output started at /var/www/html/wp-content/themes/myTheme/functions.php:296) in /var/www/html/wp-includes/pluggable.php on line 1438
[19-Oct-2023 01:49:46 UTC] PHP Warning:  Cannot modify header information - headers already sent by (output started at /var/www/html/wp-content/themes/myTheme/functions.php:296) in /var/www/html/wp-includes/pluggable.php on line 1435
[19-Oct-2023 01:49:46 UTC] PHP Warning:  Cannot modify header information - headers already sent by (output started at /var/www/html/wp-content/themes/myTheme/functions.php:296) in /var/www/html/wp-includes/pluggable.php on line 1438
[19-Oct-2023 01:49:47 UTC] PHP Warning:  Cannot modify header information - headers already sent by (output started at /var/www/html/wp-content/themes/myTheme/functions.php:296) in /var/www/html/wp-admin/includes/misc.php on line 1431
[19-Oct-2023 01:49:47 UTC] PHP Warning:  Cannot modify header information - headers already sent by (output started at /var/www/html/wp-content/themes/myTheme/functions.php:296) in /var/www/html/wp-includes/functions.php on line 6935
[19-Oct-2023 01:49:47 UTC] PHP Warning:  Cannot modify header information - headers already sent by (output started at /var/www/html/wp-content/themes/myTheme/functions.php:296) in /var/www/html/wp-includes/pluggable.php on line 1435
[19-Oct-2023 01:49:47 UTC] PHP Warning:  Cannot modify header information - headers already sent by (output started at /var/www/html/wp-content/themes/myTheme/functions.php:296) in /var/www/html/wp-includes/pluggable.php on line 1438
[19-Oct-2023 01:49:47 UTC] PHP Warning:  Cannot modify header information - headers already sent by (output started at /var/www/html/wp-content/themes/myTheme/functions.php:296) in /var/www/html/wp-includes/pluggable.php on line 1435
[19-Oct-2023 01:49:47 UTC] PHP Warning:  Cannot modify header information - headers already sent by (output started at /var/www/html/wp-content/themes/myTheme/functions.php:296) in /var/www/html/wp-includes/pluggable.php on line 1438
[19-Oct-2023 01:49:48 UTC] PHP Warning:  Cannot modify header information - headers already sent by (output started at /var/www/html/wp-content/themes/myTheme/functions.php:296) in /var/www/html/wp-admin/includes/misc.php on line 1431
[19-Oct-2023 01:49:48 UTC] PHP Warning:  Cannot modify header information - headers already sent by (output started at /var/www/html/wp-content/themes/myTheme/functions.php:296) in /var/www/html/wp-includes/functions.php on line 6935
[19-Oct-2023 01:49:48 UTC] PHP Warning:  Cannot modify header information - headers already sent by (output started at /var/www/html/wp-content/themes/myTheme/functions.php:296) in /var/www/html/wp-includes/pluggable.php on line 1435
[19-Oct-2023 01:49:48 UTC] PHP Warning:  Cannot modify header information - headers already sent by (output started at /var/www/html/wp-content/themes/myTheme/functions.php:296) in /var/www/html/wp-includes/pluggable.php on line 1438
[19-Oct-2023 01:49:48 UTC] PHP Warning:  Cannot modify header information - headers already sent by (output started at /var/www/html/wp-content/themes/myTheme/functions.php:296) in /var/www/html/wp-includes/pluggable.php on line 1435
[19-Oct-2023 01:49:48 UTC] PHP Warning:  Cannot modify header information - headers already sent by (output started at /var/www/html/wp-content/themes/myTheme/functions.php:296) in /var/www/html/wp-includes/pluggable.php on line 1438
[19-Oct-2023 01:49:53 UTC] PHP Warning:  Cannot modify header information - headers already sent by (output started at /var/www/html/wp-content/themes/myTheme/functions.php:296) in /var/www/html/wp-admin/includes/misc.php on line 1431
[19-Oct-2023 01:49:53 UTC] PHP Warning:  Cannot modify header information - headers already sent by (output started at /var/www/html/wp-content/themes/myTheme/functions.php:296) in /var/www/html/wp-includes/functions.php on line 6935
[19-Oct-2023 01:49:53 UTC] PHP Warning:  Cannot modify header information - headers already sent by (output started at /var/www/html/wp-content/themes/myTheme/functions.php:296) in /var/www/html/wp-admin/admin-header.php on line 9
[19-Oct-2023 01:49:53 UTC] PHP Warning:  Cannot modify header information - headers already sent by (output started at /var/www/html/wp-content/themes/myTheme/functions.php:296) in /var/www/html/wp-includes/pluggable.php on line 1435
[19-Oct-2023 01:49:53 UTC] PHP Warning:  Cannot modify header information - headers already sent by (output started at /var/www/html/wp-content/themes/myTheme/functions.php:296) in /var/www/html/wp-includes/pluggable.php on line 1438
[19-Oct-2023 01:50:03 UTC] PHP Warning:  Cannot modify header information - headers already sent by (output started at /var/www/html/wp-content/themes/myTheme/functions.php:296) in /var/www/html/wp-admin/includes/misc.php on line 1431
[19-Oct-2023 01:50:03 UTC] PHP Warning:  Cannot modify header information - headers already sent by (output started at /var/www/html/wp-content/themes/myTheme/functions.php:296) in /var/www/html/wp-includes/functions.php on line 6935
[19-Oct-2023 01:50:04 UTC] PHP Warning:  Cannot modify header information - headers already sent by (output started at /var/www/html/wp-content/themes/myTheme/functions.php:296) in /var/www/html/wp-admin/admin-header.php on line 9
[19-Oct-2023 01:50:04 UTC] PHP Warning:  Cannot modify header information - headers already sent by (output started at /var/www/html/wp-content/themes/myTheme/functions.php:296) in /var/www/html/wp-includes/pluggable.php on line 1435
[19-Oct-2023 01:50:04 UTC] PHP Warning:  Cannot modify header information - headers already sent by (output started at /var/www/html/wp-content/themes/myTheme/functions.php:296) in /var/www/html/wp-includes/pluggable.php on line 1438
[19-Oct-2023 01:50:07 UTC] PHP Warning:  Cannot modify header information - headers already sent by (output started at /var/www/html/wp-content/themes/myTheme/functions.php:296) in /var/www/html/wp-includes/pluggable.php on line 1435
[19-Oct-2023 01:50:07 UTC] PHP Warning:  Cannot modify header information - headers already sent by (output started at /var/www/html/wp-content/themes/myTheme/functions.php:296) in /var/www/html/wp-includes/pluggable.php on line 1438
[19-Oct-2023 01:50:07 UTC] PHP Warning:  Cannot modify header information - headers already sent by (output started at /var/www/html/wp-content/themes/myTheme/functions.php:296) in /var/www/html/wp-includes/http.php on line 505
[19-Oct-2023 01:50:07 UTC] PHP Warning:  Cannot modify header information - headers already sent by (output started at /var/www/html/wp-content/themes/myTheme/functions.php:296) in /var/www/html/wp-includes/http.php on line 506
[19-Oct-2023 01:50:07 UTC] PHP Warning:  Cannot modify header information - headers already sent by (output started at /var/www/html/wp-content/themes/myTheme/functions.php:296) in /var/www/html/wp-admin/admin-ajax.php on line 27
[19-Oct-2023 01:50:07 UTC] PHP Warning:  Cannot modify header information - headers already sent by (output started at /var/www/html/wp-content/themes/myTheme/functions.php:296) in /var/www/html/wp-admin/admin-ajax.php on line 28
[19-Oct-2023 01:50:07 UTC] PHP Warning:  Cannot modify header information - headers already sent by (output started at /var/www/html/wp-content/themes/myTheme/functions.php:296) in /var/www/html/wp-includes/functions.php on line 6822
[19-Oct-2023 01:50:07 UTC] PHP Warning:  Cannot modify header information - headers already sent by (output started at /var/www/html/wp-content/themes/myTheme/functions.php:296) in /var/www/html/wp-admin/includes/misc.php on line 1431
[19-Oct-2023 01:50:07 UTC] PHP Warning:  Cannot modify header information - headers already sent by (output started at /var/www/html/wp-content/themes/myTheme/functions.php:296) in /var/www/html/wp-includes/functions.php on line 6935
[19-Oct-2023 01:50:43 UTC] PHP Warning:  Cannot modify header information - headers already sent by (output started at /var/www/html/wp-content/themes/myTheme/functions.php:296) in /var/www/html/wp-includes/http.php on line 505
[19-Oct-2023 01:50:43 UTC] PHP Warning:  Cannot modify header information - headers already sent by (output started at /var/www/html/wp-content/themes/myTheme/functions.php:296) in /var/www/html/wp-includes/http.php on line 506
[19-Oct-2023 01:50:43 UTC] PHP Warning:  Cannot modify header information - headers already sent by (output started at /var/www/html/wp-content/themes/myTheme/functions.php:296) in /var/www/html/wp-admin/admin-ajax.php on line 27
[19-Oct-2023 01:50:43 UTC] PHP Warning:  Cannot modify header information - headers already sent by (output started at /var/www/html/wp-content/themes/myTheme/functions.php:296) in /var/www/html/wp-admin/admin-ajax.php on line 28
[19-Oct-2023 01:50:43 UTC] PHP Warning:  Cannot modify header information - headers already sent by (output started at /var/www/html/wp-content/themes/myTheme/functions.php:296) in /var/www/html/wp-includes/functions.php on line 6822
[19-Oct-2023 01:50:43 UTC] PHP Warning:  Cannot modify header information - headers already sent by (output started at /var/www/html/wp-content/themes/myTheme/functions.php:296) in /var/www/html/wp-admin/includes/misc.php on line 1431
[19-Oct-2023 01:50:43 UTC] PHP Warning:  Cannot modify header information - headers already sent by (output started at /var/www/html/wp-content/themes/myTheme/functions.php:296) in /var/www/html/wp-includes/functions.php on line 6935
[19-Oct-2023 01:51:04 UTC] PHP Warning:  Cannot modify header information - headers already sent by (output started at /var/www/html/wp-content/themes/myTheme/functions.php:296) in /var/www/html/wp-includes/http.php on line 505
[19-Oct-2023 01:51:04 UTC] PHP Warning:  Cannot modify header information - headers already sent by (output started at /var/www/html/wp-content/themes/myTheme/functions.php:296) in /var/www/html/wp-includes/http.php on line 506
[19-Oct-2023 01:51:04 UTC] PHP Warning:  Cannot modify header information - headers already sent by (output started at /var/www/html/wp-content/themes/myTheme/functions.php:296) in /var/www/html/wp-admin/admin-ajax.php on line 27
[19-Oct-2023 01:51:04 UTC] PHP Warning:  Cannot modify header information - headers already sent by (output started at /var/www/html/wp-content/themes/myTheme/functions.php:296) in /var/www/html/wp-admin/admin-ajax.php on line 28
[19-Oct-2023 01:51:04 UTC] PHP Warning:  Cannot modify header information - headers already sent by (output started at /var/www/html/wp-content/themes/myTheme/functions.php:296) in /var/www/html/wp-includes/functions.php on line 6822
[19-Oct-2023 01:51:04 UTC] PHP Warning:  Cannot modify header information - headers already sent by (output started at /var/www/html/wp-content/themes/myTheme/functions.php:296) in /var/www/html/wp-admin/includes/misc.php on line 1431
[19-Oct-2023 01:51:04 UTC] PHP Warning:  Cannot modify header information - headers already sent by (output started at /var/www/html/wp-content/themes/myTheme/functions.php:296) in /var/www/html/wp-includes/functions.php on line 6935
[19-Oct-2023 01:51:41 UTC] PHP Warning:  Cannot modify header information - headers already sent by (output started at /var/www/html/wp-content/themes/myTheme/functions.php:296) in /var/www/html/wp-admin/includes/misc.php on line 1431
[19-Oct-2023 01:51:41 UTC] PHP Warning:  Cannot modify header information - headers already sent by (output started at /var/www/html/wp-content/themes/myTheme/functions.php:296) in /var/www/html/wp-includes/functions.php on line 6935
[19-Oct-2023 01:51:41 UTC] PHP Warning:  Cannot modify header information - headers already sent by (output started at /var/www/html/wp-content/themes/myTheme/functions.php:296) in /var/www/html/wp-admin/admin-header.php on line 9
[19-Oct-2023 01:51:41 UTC] PHP Warning:  Cannot modify header information - headers already sent by (output started at /var/www/html/wp-content/themes/myTheme/functions.php:296) in /var/www/html/wp-includes/pluggable.php on line 1435
[19-Oct-2023 01:51:41 UTC] PHP Warning:  Cannot modify header information - headers already sent by (output started at /var/www/html/wp-content/themes/myTheme/functions.php:296) in /var/www/html/wp-includes/pluggable.php on line 1438
[19-Oct-2023 01:51:45 UTC] PHP Warning:  Cannot modify header information - headers already sent by (output started at /var/www/html/wp-content/themes/myTheme/functions.php:296) in /var/www/html/wp-admin/includes/misc.php on line 1431
[19-Oct-2023 01:51:45 UTC] PHP Warning:  Cannot modify header information - headers already sent by (output started at /var/www/html/wp-content/themes/myTheme/functions.php:296) in /var/www/html/wp-includes/functions.php on line 6935
[19-Oct-2023 01:51:45 UTC] PHP Warning:  Cannot modify header information - headers already sent by (output started at /var/www/html/wp-content/themes/myTheme/functions.php:296) in /var/www/html/wp-admin/admin-header.php on line 9
[19-Oct-2023 01:51:45 UTC] PHP Warning:  Cannot modify header information - headers already sent by (output started at /var/www/html/wp-content/themes/myTheme/functions.php:296) in /var/www/html/wp-includes/pluggable.php on line 1435
[19-Oct-2023 01:51:45 UTC] PHP Warning:  Cannot modify header information - headers already sent by (output started at /var/www/html/wp-content/themes/myTheme/functions.php:296) in /var/www/html/wp-includes/pluggable.php on line 1438
[19-Oct-2023 01:51:47 UTC] PHP Warning:  Cannot modify header information - headers already sent by (output started at /var/www/html/wp-content/themes/myTheme/functions.php:296) in /var/www/html/wp-admin/includes/misc.php on line 1431
[19-Oct-2023 01:51:47 UTC] PHP Warning:  Cannot modify header information - headers already sent by (output started at /var/www/html/wp-content/themes/myTheme/functions.php:296) in /var/www/html/wp-includes/functions.php on line 6935
[19-Oct-2023 01:51:48 UTC] PHP Warning:  Cannot modify header information - headers already sent by (output started at /var/www/html/wp-content/themes/myTheme/functions.php:296) in /var/www/html/wp-admin/admin-header.php on line 9
[19-Oct-2023 01:51:48 UTC] PHP Warning:  Cannot modify header information - headers already sent by (output started at /var/www/html/wp-content/themes/myTheme/functions.php:296) in /var/www/html/wp-includes/pluggable.php on line 1435
[19-Oct-2023 01:51:48 UTC] PHP Warning:  Cannot modify header information - headers already sent by (output started at /var/www/html/wp-content/themes/myTheme/functions.php:296) in /var/www/html/wp-includes/pluggable.php on line 1438
[19-Oct-2023 01:51:50 UTC] PHP Warning:  Cannot modify header information - headers already sent by (output started at /var/www/html/wp-content/themes/myTheme/functions.php:296) in /var/www/html/wp-includes/http.php on line 505
[19-Oct-2023 01:51:50 UTC] PHP Warning:  Cannot modify header information - headers already sent by (output started at /var/www/html/wp-content/themes/myTheme/functions.php:296) in /var/www/html/wp-includes/http.php on line 506
[19-Oct-2023 01:51:50 UTC] PHP Warning:  Cannot modify header information - headers already sent by (output started at /var/www/html/wp-content/themes/myTheme/functions.php:296) in /var/www/html/wp-admin/admin-ajax.php on line 27
[19-Oct-2023 01:51:50 UTC] PHP Warning:  Cannot modify header information - headers already sent by (output started at /var/www/html/wp-content/themes/myTheme/functions.php:296) in /var/www/html/wp-admin/admin-ajax.php on line 28
[19-Oct-2023 01:51:50 UTC] PHP Warning:  Cannot modify header information - headers already sent by (output started at /var/www/html/wp-content/themes/myTheme/functions.php:296) in /var/www/html/wp-includes/functions.php on line 6822
[19-Oct-2023 01:51:50 UTC] PHP Warning:  Cannot modify header information - headers already sent by (output started at /var/www/html/wp-content/themes/myTheme/functions.php:296) in /var/www/html/wp-admin/includes/misc.php on line 1431
[19-Oct-2023 01:51:50 UTC] PHP Warning:  Cannot modify header information - headers already sent by (output started at /var/www/html/wp-content/themes/myTheme/functions.php:296) in /var/www/html/wp-includes/functions.php on line 6935
[19-Oct-2023 01:51:53 UTC] PHP Warning:  Cannot modify header information - headers already sent by (output started at /var/www/html/wp-content/themes/myTheme/functions.php:296) in /var/www/html/wp-includes/http.php on line 505
[19-Oct-2023 01:51:53 UTC] PHP Warning:  Cannot modify header information - headers already sent by (output started at /var/www/html/wp-content/themes/myTheme/functions.php:296) in /var/www/html/wp-includes/http.php on line 506
[19-Oct-2023 01:51:53 UTC] PHP Warning:  Cannot modify header information - headers already sent by (output started at /var/www/html/wp-content/themes/myTheme/functions.php:296) in /var/www/html/wp-admin/admin-ajax.php on line 27
[19-Oct-2023 01:51:53 UTC] PHP Warning:  Cannot modify header information - headers already sent by (output started at /var/www/html/wp-content/themes/myTheme/functions.php:296) in /var/www/html/wp-admin/admin-ajax.php on line 28
[19-Oct-2023 01:51:53 UTC] PHP Warning:  Cannot modify header information - headers already sent by (output started at /var/www/html/wp-content/themes/myTheme/functions.php:296) in /var/www/html/wp-includes/functions.php on line 6822
[19-Oct-2023 01:51:53 UTC] PHP Warning:  Cannot modify header information - headers already sent by (output started at /var/www/html/wp-content/themes/myTheme/functions.php:296) in /var/www/html/wp-admin/includes/misc.php on line 1431
[19-Oct-2023 01:51:53 UTC] PHP Warning:  Cannot modify header information - headers already sent by (output started at /var/www/html/wp-content/themes/myTheme/functions.php:296) in /var/www/html/wp-includes/functions.php on line 6935
[19-Oct-2023 01:52:00 UTC] PHP Warning:  Cannot modify header information - headers already sent by (output started at /var/www/html/wp-content/themes/myTheme/functions.php:296) in /var/www/html/wp-admin/includes/misc.php on line 1431
[19-Oct-2023 01:52:00 UTC] PHP Warning:  Cannot modify header information - headers already sent by (output started at /var/www/html/wp-content/themes/myTheme/functions.php:296) in /var/www/html/wp-includes/functions.php on line 6935
[19-Oct-2023 01:52:01 UTC] PHP Warning:  Cannot modify header information - headers already sent by (output started at /var/www/html/wp-content/themes/myTheme/functions.php:296) in /var/www/html/wp-admin/admin-header.php on line 9
[19-Oct-2023 01:52:01 UTC] PHP Warning:  Cannot modify header information - headers already sent by (output started at /var/www/html/wp-content/themes/myTheme/functions.php:296) in /var/www/html/wp-includes/pluggable.php on line 1435
[19-Oct-2023 01:52:01 UTC] PHP Warning:  Cannot modify header information - headers already sent by (output started at /var/www/html/wp-content/themes/myTheme/functions.php:296) in /var/www/html/wp-includes/pluggable.php on line 1438
[19-Oct-2023 01:52:06 UTC] PHP Warning:  Cannot modify header information - headers already sent by (output started at /var/www/html/wp-content/themes/myTheme/functions.php:296) in /var/www/html/wp-includes/http.php on line 505
[19-Oct-2023 01:52:06 UTC] PHP Warning:  Cannot modify header information - headers already sent by (output started at /var/www/html/wp-content/themes/myTheme/functions.php:296) in /var/www/html/wp-includes/http.php on line 506
[19-Oct-2023 01:52:06 UTC] PHP Warning:  Cannot modify header information - headers already sent by (output started at /var/www/html/wp-content/themes/myTheme/functions.php:296) in /var/www/html/wp-admin/admin-ajax.php on line 27
[19-Oct-2023 01:52:06 UTC] PHP Warning:  Cannot modify header information - headers already sent by (output started at /var/www/html/wp-content/themes/myTheme/functions.php:296) in /var/www/html/wp-admin/admin-ajax.php on line 28
[19-Oct-2023 01:52:06 UTC] PHP Warning:  Cannot modify header information - headers already sent by (output started at /var/www/html/wp-content/themes/myTheme/functions.php:296) in /var/www/html/wp-includes/functions.php on line 6822
[19-Oct-2023 01:52:06 UTC] PHP Warning:  Cannot modify header information - headers already sent by (output started at /var/www/html/wp-content/themes/myTheme/functions.php:296) in /var/www/html/wp-admin/includes/misc.php on line 1431
[19-Oct-2023 01:52:06 UTC] PHP Warning:  Cannot modify header information - headers already sent by (output started at /var/www/html/wp-content/themes/myTheme/functions.php:296) in /var/www/html/wp-includes/functions.php on line 6935
[19-Oct-2023 01:52:16 UTC] PHP Warning:  Cannot modify header information - headers already sent by (output started at /var/www/html/wp-content/themes/myTheme/functions.php:296) in /var/www/html/wp-includes/pluggable.php on line 1435
[19-Oct-2023 01:52:16 UTC] PHP Warning:  Cannot modify header information - headers already sent by (output started at /var/www/html/wp-content/themes/myTheme/functions.php:296) in /var/www/html/wp-includes/pluggable.php on line 1438
[19-Oct-2023 01:52:18 UTC] PHP Warning:  Cannot modify header information - headers already sent by (output started at /var/www/html/wp-content/themes/myTheme/functions.php:296) in /var/www/html/wp-includes/pluggable.php on line 1435
[19-Oct-2023 01:52:18 UTC] PHP Warning:  Cannot modify header information - headers already sent by (output started at /var/www/html/wp-content/themes/myTheme/functions.php:296) in /var/www/html/wp-includes/pluggable.php on line 1438
[19-Oct-2023 01:52:22 UTC] PHP Warning:  Cannot modify header information - headers already sent by (output started at /var/www/html/wp-content/themes/myTheme/functions.php:296) in /var/www/html/wp-admin/includes/misc.php on line 1431
[19-Oct-2023 01:52:22 UTC] PHP Warning:  Cannot modify header information - headers already sent by (output started at /var/www/html/wp-content/themes/myTheme/functions.php:296) in /var/www/html/wp-includes/functions.php on line 6935
[19-Oct-2023 01:52:22 UTC] PHP Warning:  Cannot modify header information - headers already sent by (output started at /var/www/html/wp-content/themes/myTheme/functions.php:296) in /var/www/html/wp-admin/admin-header.php on line 9
[19-Oct-2023 01:52:22 UTC] PHP Warning:  Cannot modify header information - headers already sent by (output started at /var/www/html/wp-content/themes/myTheme/functions.php:296) in /var/www/html/wp-includes/pluggable.php on line 1435
[19-Oct-2023 01:52:22 UTC] PHP Warning:  Cannot modify header information - headers already sent by (output started at /var/www/html/wp-content/themes/myTheme/functions.php:296) in /var/www/html/wp-includes/pluggable.php on line 1438
[19-Oct-2023 01:52:36 UTC] PHP Warning:  Cannot modify header information - headers already sent by (output started at /var/www/html/wp-content/themes/myTheme/functions.php:296) in /var/www/html/wp-admin/includes/misc.php on line 1431
[19-Oct-2023 01:52:36 UTC] PHP Warning:  Cannot modify header information - headers already sent by (output started at /var/www/html/wp-content/themes/myTheme/functions.php:296) in /var/www/html/wp-includes/functions.php on line 6935
[19-Oct-2023 01:52:36 UTC] PHP Warning:  Cannot modify header information - headers already sent by (output started at /var/www/html/wp-content/themes/myTheme/functions.php:296) in /var/www/html/wp-admin/admin-header.php on line 9
[19-Oct-2023 01:52:36 UTC] PHP Warning:  Cannot modify header information - headers already sent by (output started at /var/www/html/wp-content/themes/myTheme/functions.php:296) in /var/www/html/wp-includes/http.php on line 505
[19-Oct-2023 01:52:36 UTC] PHP Warning:  Cannot modify header information - headers already sent by (output started at /var/www/html/wp-content/themes/myTheme/functions.php:296) in /var/www/html/wp-includes/http.php on line 506
[19-Oct-2023 01:52:36 UTC] PHP Warning:  Cannot modify header information - headers already sent by (output started at /var/www/html/wp-content/themes/myTheme/functions.php:296) in /var/www/html/wp-admin/admin-ajax.php on line 27
[19-Oct-2023 01:52:36 UTC] PHP Warning:  Cannot modify header information - headers already sent by (output started at /var/www/html/wp-content/themes/myTheme/functions.php:296) in /var/www/html/wp-admin/admin-ajax.php on line 28
[19-Oct-2023 01:52:36 UTC] PHP Warning:  Cannot modify header information - headers already sent by (output started at /var/www/html/wp-content/themes/myTheme/functions.php:296) in /var/www/html/wp-includes/pluggable.php on line 1435
[19-Oct-2023 01:52:36 UTC] PHP Warning:  Cannot modify header information - headers already sent by (output started at /var/www/html/wp-content/themes/myTheme/functions.php:296) in /var/www/html/wp-includes/pluggable.php on line 1438
[19-Oct-2023 01:52:36 UTC] PHP Warning:  Cannot modify header information - headers already sent by (output started at /var/www/html/wp-content/themes/myTheme/functions.php:296) in /var/www/html/wp-includes/functions.php on line 6822
[19-Oct-2023 01:52:36 UTC] PHP Warning:  Cannot modify header information - headers already sent by (output started at /var/www/html/wp-content/themes/myTheme/functions.php:296) in /var/www/html/wp-admin/includes/misc.php on line 1431
[19-Oct-2023 01:52:36 UTC] PHP Warning:  Cannot modify header information - headers already sent by (output started at /var/www/html/wp-content/themes/myTheme/functions.php:296) in /var/www/html/wp-includes/functions.php on line 6935
[19-Oct-2023 01:52:51 UTC] PHP Warning:  Cannot modify header information - headers already sent by (output started at /var/www/html/wp-content/themes/myTheme/functions.php:296) in /var/www/html/wp-includes/http.php on line 505
[19-Oct-2023 01:52:51 UTC] PHP Warning:  Cannot modify header information - headers already sent by (output started at /var/www/html/wp-content/themes/myTheme/functions.php:296) in /var/www/html/wp-includes/http.php on line 506
[19-Oct-2023 01:52:51 UTC] PHP Warning:  Cannot modify header information - headers already sent by (output started at /var/www/html/wp-content/themes/myTheme/functions.php:296) in /var/www/html/wp-admin/admin-ajax.php on line 27
[19-Oct-2023 01:52:51 UTC] PHP Warning:  Cannot modify header information - headers already sent by (output started at /var/www/html/wp-content/themes/myTheme/functions.php:296) in /var/www/html/wp-admin/admin-ajax.php on line 28
[19-Oct-2023 01:52:51 UTC] PHP Warning:  Cannot modify header information - headers already sent by (output started at /var/www/html/wp-content/themes/myTheme/functions.php:296) in /var/www/html/wp-includes/functions.php on line 6822
[19-Oct-2023 01:52:51 UTC] PHP Warning:  Cannot modify header information - headers already sent by (output started at /var/www/html/wp-content/themes/myTheme/functions.php:296) in /var/www/html/wp-admin/includes/misc.php on line 1431
[19-Oct-2023 01:52:51 UTC] PHP Warning:  Cannot modify header information - headers already sent by (output started at /var/www/html/wp-content/themes/myTheme/functions.php:296) in /var/www/html/wp-includes/functions.php on line 6935
[19-Oct-2023 01:52:53 UTC] PHP Warning:  Cannot modify header information - headers already sent by (output started at /var/www/html/wp-content/themes/myTheme/functions.php:296) in /var/www/html/wp-includes/http.php on line 505
[19-Oct-2023 01:52:53 UTC] PHP Warning:  Cannot modify header information - headers already sent by (output started at /var/www/html/wp-content/themes/myTheme/functions.php:296) in /var/www/html/wp-includes/http.php on line 506
[19-Oct-2023 01:52:53 UTC] PHP Warning:  Cannot modify header information - headers already sent by (output started at /var/www/html/wp-content/themes/myTheme/functions.php:296) in /var/www/html/wp-admin/admin-ajax.php on line 27
[19-Oct-2023 01:52:53 UTC] PHP Warning:  Cannot modify header information - headers already sent by (output started at /var/www/html/wp-content/themes/myTheme/functions.php:296) in /var/www/html/wp-admin/admin-ajax.php on line 28
[19-Oct-2023 01:52:53 UTC] PHP Warning:  Cannot modify header information - headers already sent by (output started at /var/www/html/wp-content/themes/myTheme/functions.php:296) in /var/www/html/wp-includes/functions.php on line 6822
[19-Oct-2023 01:52:53 UTC] PHP Warning:  Cannot modify header information - headers already sent by (output started at /var/www/html/wp-content/themes/myTheme/functions.php:296) in /var/www/html/wp-admin/includes/misc.php on line 1431
[19-Oct-2023 01:52:53 UTC] PHP Warning:  Cannot modify header information - headers already sent by (output started at /var/www/html/wp-content/themes/myTheme/functions.php:296) in /var/www/html/wp-includes/functions.php on line 6935
[19-Oct-2023 01:53:06 UTC] PHP Warning:  Cannot modify header information - headers already sent by (output started at /var/www/html/wp-content/themes/myTheme/functions.php:296) in /var/www/html/wp-includes/http.php on line 505
[19-Oct-2023 01:53:06 UTC] PHP Warning:  Cannot modify header information - headers already sent by (output started at /var/www/html/wp-content/themes/myTheme/functions.php:296) in /var/www/html/wp-includes/http.php on line 506
[19-Oct-2023 01:53:06 UTC] PHP Warning:  Cannot modify header information - headers already sent by (output started at /var/www/html/wp-content/themes/myTheme/functions.php:296) in /var/www/html/wp-admin/admin-ajax.php on line 27
[19-Oct-2023 01:53:06 UTC] PHP Warning:  Cannot modify header information - headers already sent by (output started at /var/www/html/wp-content/themes/myTheme/functions.php:296) in /var/www/html/wp-admin/admin-ajax.php on line 28
[19-Oct-2023 01:53:06 UTC] PHP Warning:  Cannot modify header information - headers already sent by (output started at /var/www/html/wp-content/themes/myTheme/functions.php:296) in /var/www/html/wp-includes/functions.php on line 6822
[19-Oct-2023 01:53:06 UTC] PHP Warning:  Cannot modify header information - headers already sent by (output started at /var/www/html/wp-content/themes/myTheme/functions.php:296) in /var/www/html/wp-admin/includes/misc.php on line 1431
[19-Oct-2023 01:53:06 UTC] PHP Warning:  Cannot modify header information - headers already sent by (output started at /var/www/html/wp-content/themes/myTheme/functions.php:296) in /var/www/html/wp-includes/functions.php on line 6935
